<?xml version="1.0" encoding="UTF-8"?>
<testsuite name="com.OnPoint.OnPointApplicationTests" tests="1" skipped="0" failures="0" errors="0" timestamp="2021-12-17T06:24:43" hostname="DESKTOP-0CF0LHS" time="2.761">
  <properties/>
  <testcase name="contextLoads()" classname="com.OnPoint.OnPointApplicationTests" time="2.761"/>
  <system-out><![CDATA[13:24:13.104 [Test worker] DEBUG org.springframework.test.context.BootstrapUtils - Instantiating CacheAwareContextLoaderDelegate from class [org.springframework.test.context.cache.DefaultCacheAwareContextLoaderDelegate]
13:24:13.132 [Test worker] DEBUG org.springframework.test.context.BootstrapUtils - Instantiating BootstrapContext using constructor [public org.springframework.test.context.support.DefaultBootstrapContext(java.lang.Class,org.springframework.test.context.CacheAwareContextLoaderDelegate)]
13:24:13.202 [Test worker] DEBUG org.springframework.test.context.BootstrapUtils - Instantiating TestContextBootstrapper for test class [com.OnPoint.OnPointApplicationTests] from class [org.springframework.boot.test.context.SpringBootTestContextBootstrapper]
13:24:13.223 [Test worker] INFO org.springframework.boot.test.context.SpringBootTestContextBootstrapper - Neither @ContextConfiguration nor @ContextHierarchy found for test class [com.OnPoint.OnPointApplicationTests], using SpringBootContextLoader
13:24:13.230 [Test worker] DEBUG org.springframework.test.context.support.AbstractContextLoader - Did not detect default resource location for test class [com.OnPoint.OnPointApplicationTests]: class path resource [com/OnPoint/OnPointApplicationTests-context.xml] does not exist
13:24:13.231 [Test worker] DEBUG org.springframework.test.context.support.AbstractContextLoader - Did not detect default resource location for test class [com.OnPoint.OnPointApplicationTests]: class path resource [com/OnPoint/OnPointApplicationTestsContext.groovy] does not exist
13:24:13.231 [Test worker] INFO org.springframework.test.context.support.AbstractContextLoader - Could not detect default resource locations for test class [com.OnPoint.OnPointApplicationTests]: no resource found for suffixes {-context.xml, Context.groovy}.
13:24:13.233 [Test worker] INFO org.springframework.test.context.support.AnnotationConfigContextLoaderUtils - Could not detect default configuration classes for test class [com.OnPoint.OnPointApplicationTests]: OnPointApplicationTests does not declare any static, non-private, non-final, nested classes annotated with @Configuration.
13:24:13.419 [Test worker] DEBUG org.springframework.test.context.support.ActiveProfilesUtils - Could not find an 'annotation declaring class' for annotation type [org.springframework.test.context.ActiveProfiles] and class [com.OnPoint.OnPointApplicationTests]
13:24:13.621 [Test worker] DEBUG org.springframework.context.annotation.ClassPathScanningCandidateComponentProvider - Identified candidate component class: file [F:\ilmu\sem 5\RPL\OnPoint\build\classes\java\main\com\OnPoint\OnPoint.class]
13:24:13.625 [Test worker] INFO org.springframework.boot.test.context.SpringBootTestContextBootstrapper - Found @SpringBootConfiguration com.OnPoint.OnPoint for test class com.OnPoint.OnPointApplicationTests
13:24:13.933 [Test worker] DEBUG org.springframework.boot.test.context.SpringBootTestContextBootstrapper - @TestExecutionListeners is not present for class [com.OnPoint.OnPointApplicationTests]: using defaults.
13:24:13.935 [Test worker] INFO org.springframework.boot.test.context.SpringBootTestContextBootstrapper - Loaded default TestExecutionListener class names from location [META-INF/spring.factories]: [org.springframework.boot.test.autoconfigure.restdocs.RestDocsTestExecutionListener, org.springframework.boot.test.autoconfigure.web.client.MockRestServiceServerResetTestExecutionListener, org.springframework.boot.test.autoconfigure.web.servlet.MockMvcPrintOnlyOnFailureTestExecutionListener, org.springframework.boot.test.autoconfigure.web.servlet.WebDriverTestExecutionListener, org.springframework.boot.test.autoconfigure.webservices.client.MockWebServiceServerTestExecutionListener, org.springframework.boot.test.mock.mockito.MockitoTestExecutionListener, org.springframework.boot.test.mock.mockito.ResetMocksTestExecutionListener, org.springframework.test.context.web.ServletTestExecutionListener, org.springframework.test.context.support.DirtiesContextBeforeModesTestExecutionListener, org.springframework.test.context.event.ApplicationEventsTestExecutionListener, org.springframework.test.context.support.DependencyInjectionTestExecutionListener, org.springframework.test.context.support.DirtiesContextTestExecutionListener, org.springframework.test.context.transaction.TransactionalTestExecutionListener, org.springframework.test.context.jdbc.SqlScriptsTestExecutionListener, org.springframework.test.context.event.EventPublishingTestExecutionListener]
13:24:13.990 [Test worker] DEBUG org.springframework.boot.test.context.SpringBootTestContextBootstrapper - Skipping candidate TestExecutionListener [org.springframework.test.context.transaction.TransactionalTestExecutionListener] due to a missing dependency. Specify custom listener classes or make the default listener classes and their required dependencies available. Offending class: [org/springframework/transaction/interceptor/TransactionAttributeSource]
13:24:13.991 [Test worker] DEBUG org.springframework.boot.test.context.SpringBootTestContextBootstrapper - Skipping candidate TestExecutionListener [org.springframework.test.context.jdbc.SqlScriptsTestExecutionListener] due to a missing dependency. Specify custom listener classes or make the default listener classes and their required dependencies available. Offending class: [org/springframework/transaction/interceptor/TransactionAttribute]
13:24:13.992 [Test worker] INFO org.springframework.boot.test.context.SpringBootTestContextBootstrapper - Using TestExecutionListeners: [org.springframework.test.context.web.ServletTestExecutionListener@26b894bd, org.springframework.test.context.support.DirtiesContextBeforeModesTestExecutionListener@287f94b1, org.springframework.test.context.event.ApplicationEventsTestExecutionListener@30b34287, org.springframework.boot.test.mock.mockito.MockitoTestExecutionListener@5489c777, org.springframework.boot.test.autoconfigure.SpringBootDependencyInjectionTestExecutionListener@3676ac27, org.springframework.test.context.support.DirtiesContextTestExecutionListener@62f87c44, org.springframework.test.context.event.EventPublishingTestExecutionListener@48f5bde6, org.springframework.boot.test.autoconfigure.restdocs.RestDocsTestExecutionListener@525d79f0, org.springframework.boot.test.autoconfigure.web.client.MockRestServiceServerResetTestExecutionListener@5149f008, org.springframework.boot.test.autoconfigure.web.servlet.MockMvcPrintOnlyOnFailureTestExecutionListener@7072bc39, org.springframework.boot.test.autoconfigure.web.servlet.WebDriverTestExecutionListener@158d255c, org.springframework.boot.test.autoconfigure.webservices.client.MockWebServiceServerTestExecutionListener@2ca65ce4, org.springframework.boot.test.mock.mockito.ResetMocksTestExecutionListener@327120c8]
13:24:14.002 [Test worker] DEBUG org.springframework.test.context.support.AbstractDirtiesContextTestExecutionListener - Before test class: context [DefaultTestContext@7c18432b testClass = OnPointApplicationTests, testInstance = [null], testMethod = [null], testException = [null], mergedContextConfiguration = [WebMergedContextConfiguration@7646731d testClass = OnPointApplicationTests, locations = '{}', classes = '{class com.OnPoint.OnPoint}', contextInitializerClasses = '[]', activeProfiles = '{}', propertySourceLocations = '{}', propertySourceProperties = '{org.springframework.boot.test.context.SpringBootTestContextBootstrapper=true}', contextCustomizers = set[org.springframework.boot.test.autoconfigure.actuate.metrics.MetricsExportContextCustomizerFactory$DisableMetricExportContextCustomizer@4795ded0, org.springframework.boot.test.autoconfigure.properties.PropertyMappingContextCustomizer@0, org.springframework.boot.test.autoconfigure.web.servlet.WebDriverContextCustomizerFactory$Customizer@4bc28c33, org.springframework.boot.test.context.filter.ExcludeFilterContextCustomizer@7ec3394b, org.springframework.boot.test.json.DuplicateJsonObjectContextCustomizerFactory$DuplicateJsonObjectContextCustomizer@312ab28e, org.springframework.boot.test.mock.mockito.MockitoContextCustomizer@0, org.springframework.boot.test.web.client.TestRestTemplateContextCustomizer@1e7aa82b, org.springframework.boot.test.context.SpringBootTestArgs@1, org.springframework.boot.test.context.SpringBootTestWebEnvironment@3b6d844d], resourceBasePath = 'src/main/webapp', contextLoader = 'org.springframework.boot.test.context.SpringBootContextLoader', parent = [null]], attributes = map['org.springframework.test.context.web.ServletTestExecutionListener.activateListener' -> true]], class annotated with @DirtiesContext [false] with mode [null].
13:24:14.135 [Test worker] DEBUG org.springframework.boot.ApplicationServletEnvironment - Activating profiles []
13:24:14.137 [Test worker] DEBUG org.springframework.test.context.support.TestPropertySourceUtils - Adding inlined properties to environment: {spring.jmx.enabled=false, org.springframework.boot.test.context.SpringBootTestContextBootstrapper=true}

  .   ____          _            __ _ _
 /\\ / ___'_ __ _ _(_)_ __  __ _ \ \ \ \
( ( )\___ | '_ | '_| | '_ \/ _` | \ \ \ \
 \\/  ___)| |_)| | | | | || (_| |  ) ) ) )
  '  |____| .__|_| |_|_| |_\__, | / / / /
 =========|_|==============|___/=/_/_/_/
 :: Spring Boot ::                (v2.6.1)

2021-12-17 13:24:15.301  INFO 6976 --- [    Test worker] com.OnPoint.OnPointApplicationTests      : Starting OnPointApplicationTests using Java 11.0.12 on DESKTOP-0CF0LHS with PID 6976 (started by Xcalbr in F:\ilmu\sem 5\RPL\OnPoint)
2021-12-17 13:24:15.305  INFO 6976 --- [    Test worker] com.OnPoint.OnPointApplicationTests      : No active profile set, falling back to default profiles: default
Connected to the PostgreSQL server successfully.
Connected to the PostgreSQL server successfully.
2021-12-17 13:24:43.349  INFO 6976 --- [    Test worker] com.OnPoint.OnPointApplicationTests      : Started OnPointApplicationTests in 29.203 seconds (JVM running for 33.241)
]]></system-out>
  <system-err><![CDATA[]]></system-err>
</testsuite>
